CRITICAL - 2024-09-08 01:30:15 --> ErrorException: Undefined variable $datosIntegrantes
[Method: GET, Route: verIntegrantes]
in APPPATH\Views\view_integrantes.php on line 44.
 1 APPPATH\Views\view_integrantes.php(44): CodeIgniter\Debug\Exceptions->errorHandler(2, 'Undefined variable $datosIntegrantes', 'C:\\xampp\\htdocs\\Proyectos\\grupos_parcial1\\app\\Views\\view_integrantes.php', 44)
 2 SYSTEMPATH\View\View.php(234): include('C:\\xampp\\htdocs\\Proyectos\\grupos_parcial1\\app\\Views\\view_integrantes.php')
 3 SYSTEMPATH\View\View.php(237): CodeIgniter\View\View->CodeIgniter\View\{closure}()
 4 SYSTEMPATH\Common.php(1171): CodeIgniter\View\View->render('view_integrantes', [], true)
 5 APPPATH\Controllers\IntegrantesController.php(12): view('view_integrantes', [...])
 6 SYSTEMPATH\CodeIgniter.php(933): App\Controllers\IntegrantesController->cargarIntegrantes()
 7 SYSTEMPATH\CodeIgniter.php(509): CodeIgniter\CodeIgniter->runController(Object(App\Controllers\IntegrantesController))
 8 SYSTEMPATH\CodeIgniter.php(355): CodeIgniter\CodeIgniter->handleRequest(null, Object(Config\Cache), false)
 9 SYSTEMPATH\Boot.php(325): CodeIgniter\CodeIgniter->run()
10 SYSTEMPATH\Boot.php(67): CodeIgniter\Boot::runCodeIgniter(Object(CodeIgniter\CodeIgniter))
11 FCPATH\index.php(56): CodeIgniter\Boot::bootWeb(Object(Config\Paths))
CRITICAL - 2024-09-08 01:30:21 --> ErrorException: Undefined variable $datosIntegrantes
[Method: GET, Route: verIntegrantes]
in APPPATH\Views\view_integrantes.php on line 44.
 1 APPPATH\Views\view_integrantes.php(44): CodeIgniter\Debug\Exceptions->errorHandler(2, 'Undefined variable $datosIntegrantes', 'C:\\xampp\\htdocs\\Proyectos\\grupos_parcial1\\app\\Views\\view_integrantes.php', 44)
 2 SYSTEMPATH\View\View.php(234): include('C:\\xampp\\htdocs\\Proyectos\\grupos_parcial1\\app\\Views\\view_integrantes.php')
 3 SYSTEMPATH\View\View.php(237): CodeIgniter\View\View->CodeIgniter\View\{closure}()
 4 SYSTEMPATH\Common.php(1171): CodeIgniter\View\View->render('view_integrantes', [], true)
 5 APPPATH\Controllers\IntegrantesController.php(12): view('view_integrantes', [...])
 6 SYSTEMPATH\CodeIgniter.php(933): App\Controllers\IntegrantesController->cargarIntegrantes()
 7 SYSTEMPATH\CodeIgniter.php(509): CodeIgniter\CodeIgniter->runController(Object(App\Controllers\IntegrantesController))
 8 SYSTEMPATH\CodeIgniter.php(355): CodeIgniter\CodeIgniter->handleRequest(null, Object(Config\Cache), false)
 9 SYSTEMPATH\Boot.php(325): CodeIgniter\CodeIgniter->run()
10 SYSTEMPATH\Boot.php(67): CodeIgniter\Boot::runCodeIgniter(Object(CodeIgniter\CodeIgniter))
11 FCPATH\index.php(56): CodeIgniter\Boot::bootWeb(Object(Config\Paths))
CRITICAL - 2024-09-08 01:32:01 --> ErrorException: Undefined variable $datosIntegrantes
[Method: GET, Route: verIntegrantes]
in APPPATH\Views\view_integrantes.php on line 44.
 1 APPPATH\Views\view_integrantes.php(44): CodeIgniter\Debug\Exceptions->errorHandler(2, 'Undefined variable $datosIntegrantes', 'C:\\xampp\\htdocs\\Proyectos\\grupos_parcial1\\app\\Views\\view_integrantes.php', 44)
 2 SYSTEMPATH\View\View.php(234): include('C:\\xampp\\htdocs\\Proyectos\\grupos_parcial1\\app\\Views\\view_integrantes.php')
 3 SYSTEMPATH\View\View.php(237): CodeIgniter\View\View->CodeIgniter\View\{closure}()
 4 SYSTEMPATH\Common.php(1171): CodeIgniter\View\View->render('view_integrantes', [], true)
 5 APPPATH\Controllers\IntegrantesController.php(12): view('view_integrantes', [...])
 6 SYSTEMPATH\CodeIgniter.php(933): App\Controllers\IntegrantesController->cargarIntegrantes()
 7 SYSTEMPATH\CodeIgniter.php(509): CodeIgniter\CodeIgniter->runController(Object(App\Controllers\IntegrantesController))
 8 SYSTEMPATH\CodeIgniter.php(355): CodeIgniter\CodeIgniter->handleRequest(null, Object(Config\Cache), false)
 9 SYSTEMPATH\Boot.php(325): CodeIgniter\CodeIgniter->run()
10 SYSTEMPATH\Boot.php(67): CodeIgniter\Boot::runCodeIgniter(Object(CodeIgniter\CodeIgniter))
11 FCPATH\index.php(56): CodeIgniter\Boot::bootWeb(Object(Config\Paths))
CRITICAL - 2024-09-08 01:33:19 --> ErrorException: Undefined variable $datosIntegrantes
[Method: GET, Route: verIntegrantes]
in APPPATH\Views\view_integrantes.php on line 44.
 1 APPPATH\Views\view_integrantes.php(44): CodeIgniter\Debug\Exceptions->errorHandler(2, 'Undefined variable $datosIntegrantes', 'C:\\xampp\\htdocs\\Proyectos\\grupos_parcial1\\app\\Views\\view_integrantes.php', 44)
 2 SYSTEMPATH\View\View.php(234): include('C:\\xampp\\htdocs\\Proyectos\\grupos_parcial1\\app\\Views\\view_integrantes.php')
 3 SYSTEMPATH\View\View.php(237): CodeIgniter\View\View->CodeIgniter\View\{closure}()
 4 SYSTEMPATH\Common.php(1171): CodeIgniter\View\View->render('view_integrantes', [], true)
 5 APPPATH\Controllers\IntegrantesController.php(12): view('view_integrantes', [...])
 6 SYSTEMPATH\CodeIgniter.php(933): App\Controllers\IntegrantesController->cargarIntegrantes()
 7 SYSTEMPATH\CodeIgniter.php(509): CodeIgniter\CodeIgniter->runController(Object(App\Controllers\IntegrantesController))
 8 SYSTEMPATH\CodeIgniter.php(355): CodeIgniter\CodeIgniter->handleRequest(null, Object(Config\Cache), false)
 9 SYSTEMPATH\Boot.php(325): CodeIgniter\CodeIgniter->run()
10 SYSTEMPATH\Boot.php(67): CodeIgniter\Boot::runCodeIgniter(Object(CodeIgniter\CodeIgniter))
11 FCPATH\index.php(56): CodeIgniter\Boot::bootWeb(Object(Config\Paths))
CRITICAL - 2024-09-08 01:33:21 --> ErrorException: Undefined variable $datosIntegrantes
[Method: GET, Route: verIntegrantes]
in APPPATH\Views\view_integrantes.php on line 44.
 1 APPPATH\Views\view_integrantes.php(44): CodeIgniter\Debug\Exceptions->errorHandler(2, 'Undefined variable $datosIntegrantes', 'C:\\xampp\\htdocs\\Proyectos\\grupos_parcial1\\app\\Views\\view_integrantes.php', 44)
 2 SYSTEMPATH\View\View.php(234): include('C:\\xampp\\htdocs\\Proyectos\\grupos_parcial1\\app\\Views\\view_integrantes.php')
 3 SYSTEMPATH\View\View.php(237): CodeIgniter\View\View->CodeIgniter\View\{closure}()
 4 SYSTEMPATH\Common.php(1171): CodeIgniter\View\View->render('view_integrantes', [], true)
 5 APPPATH\Controllers\IntegrantesController.php(12): view('view_integrantes', [...])
 6 SYSTEMPATH\CodeIgniter.php(933): App\Controllers\IntegrantesController->cargarIntegrantes()
 7 SYSTEMPATH\CodeIgniter.php(509): CodeIgniter\CodeIgniter->runController(Object(App\Controllers\IntegrantesController))
 8 SYSTEMPATH\CodeIgniter.php(355): CodeIgniter\CodeIgniter->handleRequest(null, Object(Config\Cache), false)
 9 SYSTEMPATH\Boot.php(325): CodeIgniter\CodeIgniter->run()
10 SYSTEMPATH\Boot.php(67): CodeIgniter\Boot::runCodeIgniter(Object(CodeIgniter\CodeIgniter))
11 FCPATH\index.php(56): CodeIgniter\Boot::bootWeb(Object(Config\Paths))
CRITICAL - 2024-09-08 01:34:03 --> ErrorException: Undefined variable $datosIntegrantes
[Method: GET, Route: verIntegrantes]
in APPPATH\Views\view_integrantes.php on line 48.
 1 APPPATH\Views\view_integrantes.php(48): CodeIgniter\Debug\Exceptions->errorHandler(2, 'Undefined variable $datosIntegrantes', 'C:\\xampp\\htdocs\\Proyectos\\grupos_parcial1\\app\\Views\\view_integrantes.php', 48)
 2 SYSTEMPATH\View\View.php(234): include('C:\\xampp\\htdocs\\Proyectos\\grupos_parcial1\\app\\Views\\view_integrantes.php')
 3 SYSTEMPATH\View\View.php(237): CodeIgniter\View\View->CodeIgniter\View\{closure}()
 4 SYSTEMPATH\Common.php(1171): CodeIgniter\View\View->render('view_integrantes', [], true)
 5 APPPATH\Controllers\IntegrantesController.php(12): view('view_integrantes', [...])
 6 SYSTEMPATH\CodeIgniter.php(933): App\Controllers\IntegrantesController->cargarIntegrantes()
 7 SYSTEMPATH\CodeIgniter.php(509): CodeIgniter\CodeIgniter->runController(Object(App\Controllers\IntegrantesController))
 8 SYSTEMPATH\CodeIgniter.php(355): CodeIgniter\CodeIgniter->handleRequest(null, Object(Config\Cache), false)
 9 SYSTEMPATH\Boot.php(325): CodeIgniter\CodeIgniter->run()
10 SYSTEMPATH\Boot.php(67): CodeIgniter\Boot::runCodeIgniter(Object(CodeIgniter\CodeIgniter))
11 FCPATH\index.php(56): CodeIgniter\Boot::bootWeb(Object(Config\Paths))
CRITICAL - 2024-09-08 01:37:18 --> ErrorException: Undefined variable $registros
[Method: GET, Route: verIntegrantes]
in APPPATH\Views\view_integrantes.php on line 96.
 1 APPPATH\Views\view_integrantes.php(96): CodeIgniter\Debug\Exceptions->errorHandler(2, 'Undefined variable $registros', 'C:\\xampp\\htdocs\\Proyectos\\grupos_parcial1\\app\\Views\\view_integrantes.php', 96)
 2 SYSTEMPATH\View\View.php(234): include('C:\\xampp\\htdocs\\Proyectos\\grupos_parcial1\\app\\Views\\view_integrantes.php')
 3 SYSTEMPATH\View\View.php(237): CodeIgniter\View\View->CodeIgniter\View\{closure}()
 4 SYSTEMPATH\Common.php(1171): CodeIgniter\View\View->render('view_integrantes', [], true)
 5 APPPATH\Controllers\IntegrantesController.php(12): view('view_integrantes', [...])
 6 SYSTEMPATH\CodeIgniter.php(933): App\Controllers\IntegrantesController->cargarIntegrantes()
 7 SYSTEMPATH\CodeIgniter.php(509): CodeIgniter\CodeIgniter->runController(Object(App\Controllers\IntegrantesController))
 8 SYSTEMPATH\CodeIgniter.php(355): CodeIgniter\CodeIgniter->handleRequest(null, Object(Config\Cache), false)
 9 SYSTEMPATH\Boot.php(325): CodeIgniter\CodeIgniter->run()
10 SYSTEMPATH\Boot.php(67): CodeIgniter\Boot::runCodeIgniter(Object(CodeIgniter\CodeIgniter))
11 FCPATH\index.php(56): CodeIgniter\Boot::bootWeb(Object(Config\Paths))
CRITICAL - 2024-09-08 03:52:53 --> ErrorException: Undefined variable $datosIntegrantes
[Method: GET, Route: localizarIntegrante/1]
in APPPATH\Controllers\IntegrantesController.php on line 49.
 1 APPPATH\Controllers\IntegrantesController.php(49): CodeIgniter\Debug\Exceptions->errorHandler(2, 'Undefined variable $datosIntegrantes', 'C:\\xampp\\htdocs\\Proyectos\\grupos_parcial1\\app\\Controllers\\IntegrantesController.php', 49)
 2 SYSTEMPATH\CodeIgniter.php(933): App\Controllers\IntegrantesController->localizarIntegrantes('1')
 3 SYSTEMPATH\CodeIgniter.php(509): CodeIgniter\CodeIgniter->runController(Object(App\Controllers\IntegrantesController))
 4 SYSTEMPATH\CodeIgniter.php(355): CodeIgniter\CodeIgniter->handleRequest(null, Object(Config\Cache), false)
 5 SYSTEMPATH\Boot.php(325): CodeIgniter\CodeIgniter->run()
 6 SYSTEMPATH\Boot.php(67): CodeIgniter\Boot::runCodeIgniter(Object(CodeIgniter\CodeIgniter))
 7 FCPATH\index.php(56): CodeIgniter\Boot::bootWeb(Object(Config\Paths))
ERROR - 2024-09-08 04:06:16 --> mysqli_sql_exception: Duplicate entry '2' for key 'PRIMARY' in C:\xampp\htdocs\Proyectos\grupos_parcial1\system\Database\MySQLi\Connection.php:312
Stack trace:
#0 C:\xampp\htdocs\Proyectos\grupos_parcial1\system\Database\MySQLi\Connection.php(312): mysqli->query('INSERT INTO `in...', 0)
#1 C:\xampp\htdocs\Proyectos\grupos_parcial1\system\Database\BaseConnection.php(734): CodeIgniter\Database\MySQLi\Connection->execute('INSERT INTO `in...')
#2 C:\xampp\htdocs\Proyectos\grupos_parcial1\system\Database\BaseConnection.php(648): CodeIgniter\Database\BaseConnection->simpleQuery('INSERT INTO `in...')
#3 C:\xampp\htdocs\Proyectos\grupos_parcial1\system\Database\BaseBuilder.php(2332): CodeIgniter\Database\BaseConnection->query('INSERT INTO `in...', Array, false)
#4 C:\xampp\htdocs\Proyectos\grupos_parcial1\system\Model.php(394): CodeIgniter\Database\BaseBuilder->insert()
#5 C:\xampp\htdocs\Proyectos\grupos_parcial1\system\BaseModel.php(840): CodeIgniter\Model->doInsert(Array)
#6 C:\xampp\htdocs\Proyectos\grupos_parcial1\system\Model.php(802): CodeIgniter\BaseModel->insert(Array, true)
#7 C:\xampp\htdocs\Proyectos\grupos_parcial1\app\Controllers\IntegrantesController.php(41): CodeIgniter\Model->insert(Array)
#8 C:\xampp\htdocs\Proyectos\grupos_parcial1\system\CodeIgniter.php(933): App\Controllers\IntegrantesController->guardarIntegrantes()
#9 C:\xampp\htdocs\Proyectos\grupos_parcial1\system\CodeIgniter.php(509): CodeIgniter\CodeIgniter->runController(Object(App\Controllers\IntegrantesController))
#10 C:\xampp\htdocs\Proyectos\grupos_parcial1\system\CodeIgniter.php(355): CodeIgniter\CodeIgniter->handleRequest(NULL, Object(Config\Cache), false)
#11 C:\xampp\htdocs\Proyectos\grupos_parcial1\system\Boot.php(325): CodeIgniter\CodeIgniter->run()
#12 C:\xampp\htdocs\Proyectos\grupos_parcial1\system\Boot.php(67): CodeIgniter\Boot::runCodeIgniter(Object(CodeIgniter\CodeIgniter))
#13 C:\xampp\htdocs\Proyectos\grupos_parcial1\public\index.php(56): CodeIgniter\Boot::bootWeb(Object(Config\Paths))
#14 {main}
CRITICAL - 2024-09-08 04:06:16 --> CodeIgniter\Database\Exceptions\DatabaseException: Duplicate entry '2' for key 'PRIMARY'
[Method: POST, Route: guardarIntegrante]
in SYSTEMPATH\Database\BaseConnection.php on line 688.
 1 SYSTEMPATH\Database\BaseBuilder.php(2332): CodeIgniter\Database\BaseConnection->query('INSERT INTO `integrantes` (`integrante_id`, `nombre`, `apellido`, `fecha_nacimiento`, `fecha_muerte`, `web_oficial`, `pais_nacimiento`) VALUES (:integrante_id:, :nombre:, :apellido:, :fecha_nacimiento:, :fecha_muerte:, :web_oficial:, :pais_nacimiento:)', [...], false)
 2 SYSTEMPATH\Model.php(394): CodeIgniter\Database\BaseBuilder->insert()
 3 SYSTEMPATH\BaseModel.php(840): CodeIgniter\Model->doInsert([...])
 4 SYSTEMPATH\Model.php(802): CodeIgniter\BaseModel->insert([...], true)
 5 APPPATH\Controllers\IntegrantesController.php(41): CodeIgniter\Model->insert([...])
 6 SYSTEMPATH\CodeIgniter.php(933): App\Controllers\IntegrantesController->guardarIntegrantes()
 7 SYSTEMPATH\CodeIgniter.php(509): CodeIgniter\CodeIgniter->runController(Object(App\Controllers\IntegrantesController))
 8 SYSTEMPATH\CodeIgniter.php(355): CodeIgniter\CodeIgniter->handleRequest(null, Object(Config\Cache), false)
 9 SYSTEMPATH\Boot.php(325): CodeIgniter\CodeIgniter->run()
10 SYSTEMPATH\Boot.php(67): CodeIgniter\Boot::runCodeIgniter(Object(CodeIgniter\CodeIgniter))
11 FCPATH\index.php(56): CodeIgniter\Boot::bootWeb(Object(Config\Paths))
CRITICAL - 2024-09-08 04:06:16 --> [Caused by] CodeIgniter\Database\Exceptions\DatabaseException: Duplicate entry '2' for key 'PRIMARY'
in SYSTEMPATH\Database\MySQLi\Connection.php on line 317.
 1 SYSTEMPATH\Database\BaseConnection.php(734): CodeIgniter\Database\MySQLi\Connection->execute('INSERT INTO `integrantes` (`integrante_id`, `nombre`, `apellido`, `fecha_nacimiento`, `fecha_muerte`, `web_oficial`, `pais_nacimiento`) VALUES (\'2\', \'Marilyn\', \'Monrrou\', \'2024-08-06\', \'2024-09-06\', \'www.marilyn.com.gt\', \'Guatemala\')')
 2 SYSTEMPATH\Database\BaseConnection.php(648): CodeIgniter\Database\BaseConnection->simpleQuery('INSERT INTO `integrantes` (`integrante_id`, `nombre`, `apellido`, `fecha_nacimiento`, `fecha_muerte`, `web_oficial`, `pais_nacimiento`) VALUES (\'2\', \'Marilyn\', \'Monrrou\', \'2024-08-06\', \'2024-09-06\', \'www.marilyn.com.gt\', \'Guatemala\')')
 3 SYSTEMPATH\Database\BaseBuilder.php(2332): CodeIgniter\Database\BaseConnection->query('INSERT INTO `integrantes` (`integrante_id`, `nombre`, `apellido`, `fecha_nacimiento`, `fecha_muerte`, `web_oficial`, `pais_nacimiento`) VALUES (:integrante_id:, :nombre:, :apellido:, :fecha_nacimiento:, :fecha_muerte:, :web_oficial:, :pais_nacimiento:)', [...], false)
 4 SYSTEMPATH\Model.php(394): CodeIgniter\Database\BaseBuilder->insert()
 5 SYSTEMPATH\BaseModel.php(840): CodeIgniter\Model->doInsert([...])
 6 SYSTEMPATH\Model.php(802): CodeIgniter\BaseModel->insert([...], true)
 7 APPPATH\Controllers\IntegrantesController.php(41): CodeIgniter\Model->insert([...])
 8 SYSTEMPATH\CodeIgniter.php(933): App\Controllers\IntegrantesController->guardarIntegrantes()
 9 SYSTEMPATH\CodeIgniter.php(509): CodeIgniter\CodeIgniter->runController(Object(App\Controllers\IntegrantesController))
10 SYSTEMPATH\CodeIgniter.php(355): CodeIgniter\CodeIgniter->handleRequest(null, Object(Config\Cache), false)
11 SYSTEMPATH\Boot.php(325): CodeIgniter\CodeIgniter->run()
12 SYSTEMPATH\Boot.php(67): CodeIgniter\Boot::runCodeIgniter(Object(CodeIgniter\CodeIgniter))
13 FCPATH\index.php(56): CodeIgniter\Boot::bootWeb(Object(Config\Paths))
CRITICAL - 2024-09-08 04:06:16 --> [Caused by] mysqli_sql_exception: Duplicate entry '2' for key 'PRIMARY'
in SYSTEMPATH\Database\MySQLi\Connection.php on line 312.
 1 SYSTEMPATH\Database\MySQLi\Connection.php(312): mysqli->query('INSERT INTO `integrantes` (`integrante_id`, `nombre`, `apellido`, `fecha_nacimiento`, `fecha_muerte`, `web_oficial`, `pais_nacimiento`) VALUES (\'2\', \'Marilyn\', \'Monrrou\', \'2024-08-06\', \'2024-09-06\', \'www.marilyn.com.gt\', \'Guatemala\')', 0)
 2 SYSTEMPATH\Database\BaseConnection.php(734): CodeIgniter\Database\MySQLi\Connection->execute('INSERT INTO `integrantes` (`integrante_id`, `nombre`, `apellido`, `fecha_nacimiento`, `fecha_muerte`, `web_oficial`, `pais_nacimiento`) VALUES (\'2\', \'Marilyn\', \'Monrrou\', \'2024-08-06\', \'2024-09-06\', \'www.marilyn.com.gt\', \'Guatemala\')')
 3 SYSTEMPATH\Database\BaseConnection.php(648): CodeIgniter\Database\BaseConnection->simpleQuery('INSERT INTO `integrantes` (`integrante_id`, `nombre`, `apellido`, `fecha_nacimiento`, `fecha_muerte`, `web_oficial`, `pais_nacimiento`) VALUES (\'2\', \'Marilyn\', \'Monrrou\', \'2024-08-06\', \'2024-09-06\', \'www.marilyn.com.gt\', \'Guatemala\')')
 4 SYSTEMPATH\Database\BaseBuilder.php(2332): CodeIgniter\Database\BaseConnection->query('INSERT INTO `integrantes` (`integrante_id`, `nombre`, `apellido`, `fecha_nacimiento`, `fecha_muerte`, `web_oficial`, `pais_nacimiento`) VALUES (:integrante_id:, :nombre:, :apellido:, :fecha_nacimiento:, :fecha_muerte:, :web_oficial:, :pais_nacimiento:)', [...], false)
 5 SYSTEMPATH\Model.php(394): CodeIgniter\Database\BaseBuilder->insert()
 6 SYSTEMPATH\BaseModel.php(840): CodeIgniter\Model->doInsert([...])
 7 SYSTEMPATH\Model.php(802): CodeIgniter\BaseModel->insert([...], true)
 8 APPPATH\Controllers\IntegrantesController.php(41): CodeIgniter\Model->insert([...])
 9 SYSTEMPATH\CodeIgniter.php(933): App\Controllers\IntegrantesController->guardarIntegrantes()
10 SYSTEMPATH\CodeIgniter.php(509): CodeIgniter\CodeIgniter->runController(Object(App\Controllers\IntegrantesController))
11 SYSTEMPATH\CodeIgniter.php(355): CodeIgniter\CodeIgniter->handleRequest(null, Object(Config\Cache), false)
12 SYSTEMPATH\Boot.php(325): CodeIgniter\CodeIgniter->run()
13 SYSTEMPATH\Boot.php(67): CodeIgniter\Boot::runCodeIgniter(Object(CodeIgniter\CodeIgniter))
14 FCPATH\index.php(56): CodeIgniter\Boot::bootWeb(Object(Config\Paths))
